<?xml version="1.0" encoding="UTF-8"?>
<!-- Generated by org.testng.reporters.JUnitXMLReporter -->
<testsuite hostname="Subhani" ignored="0" name="keyword_driver" tests="11" failures="0" timestamp="2019-10-21T20:32:42 IST" time="206.098" errors="0">
  <testcase name="f" time="6.182" classname="testng.Dialogue_alert_Test"/>
  <testcase name="browsing" time="27.308" classname="testng.PracticeTest"/>
  <testcase name="headless" time="10.851" classname="testng.Headless_browser"/>
  <testcase name="firefox" time="38.929" classname="testng.Headless_browser"/>
  <testcase name="headles" time="43.311" classname="testng.Headless"/>
  <testcase name="orange_hrm_services" time="4.728" classname="testng.Orange_HRM"/>
  <testcase name="admin" time="14.454" classname="testng.Orange_HRM"/>
  <testcase name="PIM" time="2.398" classname="testng.Orange_HRM"/>
  <testcase name="leave" time="2.578" classname="testng.Orange_HRM"/>
  <testcase name="maintenance" time="2.663" classname="testng.Orange_HRM"/>
  <testcase name="Spice_jet" time="8.818" classname="testng.Spicejet"/>
</testsuite> <!-- keyword_driver -->
