<?xml version="1.0" encoding="UTF-8"?>
<testng-results skipped="0" failed="0" ignored="0" total="1" passed="1">
  <reporter-output>
  </reporter-output>
  <suite name="Default suite" duration-ms="224" started-at="2019-10-21T21:58:50 IST" finished-at="2019-10-21T21:58:50 IST">
    <groups>
    </groups>
    <test name="Default test" duration-ms="224" started-at="2019-10-21T21:58:50 IST" finished-at="2019-10-21T21:58:50 IST">
      <class name="selenium_mavenProject.Mysql">
        <test-method status="PASS" signature="database()[pri:0, instance:selenium_mavenProject.Mysql@6e0e048a]" name="database" duration-ms="193" started-at="2019-10-21T21:58:50 IST" finished-at="2019-10-21T21:58:50 IST">
          <reporter-output>
          </reporter-output>
        </test-method> <!-- database -->
      </class> <!-- selenium_mavenProject.Mysql -->
    </test> <!-- Default test -->
  </suite> <!-- Default suite -->
</testng-results>
